C:\Program Files (x86)\Microsoft Visual Studio\2017\Community\Common7\IDE\VC\VCTargets\Microsoft.CppBuild.targets(391,5): warning MSB8028: The intermediate directory (x64\Release\) contains files shared from another project (TrabFinEscorpiaoV1.vcxproj).  This can lead to incorrect clean and rebuild behavior.
  Principal.cpp
e:\documentos\estudo\uerj_computacao\materias\per atual\computacaografica\vs\trabfinescrpiaoversfin\cabecalhos\constantes.h(45): warning C4091: 'typedef ': ignorado à esquerda de 'nsConst::_Foco' quando nenhuma variável é declarada
e:\documentos\estudo\uerj_computacao\materias\per atual\computacaografica\vs\trabfinescrpiaoversfin\cabecalhos\constantes.h(50): warning C4091: 'typedef ': ignorado à esquerda de 'nsConst::_Pos' quando nenhuma variável é declarada
e:\documentos\estudo\uerj_computacao\materias\per atual\computacaografica\vs\trabfinescrpiaoversfin\cabecalhos\constantes.h(55): warning C4091: 'typedef ': ignorado à esquerda de 'nsConst::_Inclin' quando nenhuma variável é declarada
e:\documentos\estudo\uerj_computacao\materias\per atual\computacaografica\vs\trabfinescrpiaoversfin\cabecalhos\constantes.h(60): warning C4091: 'typedef ': ignorado à esquerda de 'nsConst::_AngVisao' quando nenhuma variável é declarada
e:\documentos\estudo\uerj_computacao\materias\per atual\computacaografica\vs\trabfinescrpiaoversfin\cabecalhos\constantes.h(65): warning C4091: 'typedef ': ignorado à esquerda de 'nsConst::_AtribCeu' quando nenhuma variável é declarada
e:\documentos\estudo\uerj_computacao\materias\per atual\computacaografica\vs\trabfinescrpiaoversfin\cabecalhos\constantes.h(74): warning C4091: 'typedef ': ignorado à esquerda de 'nsConst::_AtribCmra' quando nenhuma variável é declarada
e:\documentos\estudo\uerj_computacao\materias\per atual\computacaografica\vs\trabfinescrpiaoversfin\cabecalhos\constantes.h(79): warning C4091: 'typedef ': ignorado à esquerda de 'nsConst::_DimPata' quando nenhuma variável é declarada
e:\documentos\estudo\uerj_computacao\materias\per atual\computacaografica\vs\trabfinescrpiaoversfin\cabecalhos\constantes.h(83): warning C4091: 'typedef ': ignorado à esquerda de 'nsConst::_DimTelaPadrao' quando nenhuma variável é declarada
e:\documentos\estudo\uerj_computacao\materias\per atual\computacaografica\vs\trabfinescrpiaoversfin\cabecalhos\constantes.h(99): warning C4244: 'argumento': conversão de 'int' para 'GLfloat', possível perda de dados
e:\documentos\estudo\uerj_computacao\materias\per atual\computacaografica\vs\trabfinescrpiaoversfin\cabecalhos\constantes.h(100): warning C4267: 'inicializando': conversão de 'size_t' para 'int', possível perda de dados
e:\documentos\estudo\uerj_computacao\materias\per atual\computacaografica\vs\trabfinescrpiaoversfin\cabecalhos\constantes.h(108): warning C4267: 'inicializando': conversão de 'size_t' para 'int', possível perda de dados
e:\documentos\estudo\uerj_computacao\materias\per atual\computacaografica\vs\trabfinescrpiaoversfin\cabecalhos\principal.h(22): warning C4305: 'inicializando': truncamento de 'double' para 'GLfloat'
e:\documentos\estudo\uerj_computacao\materias\per atual\computacaografica\vs\trabfinescrpiaoversfin\cabecalhos\principal.h(23): warning C4305: 'inicializando': truncamento de 'double' para 'GLfloat'
e:\documentos\estudo\uerj_computacao\materias\per atual\computacaografica\vs\trabfinescrpiaoversfin\cabecalhos\principal.h(35): warning C4305: 'inicializando': truncamento de 'double' para 'GLfloat'
e:\documentos\estudo\uerj_computacao\materias\per atual\computacaografica\vs\trabfinescrpiaoversfin\cabecalhos\principal.h(36): warning C4305: 'inicializando': truncamento de 'double' para 'GLfloat'
e:\documentos\estudo\uerj_computacao\materias\per atual\computacaografica\vs\trabfinescrpiaoversfin\cabecalhos\principal.h(37): warning C4305: 'inicializando': truncamento de 'double' para 'GLfloat'
e:\documentos\estudo\uerj_computacao\materias\per atual\computacaografica\vs\trabfinescrpiaoversfin\cabecalhos\principal.h(50): warning C4091: 'typedef ': ignorado à esquerda de '_dbPos' quando nenhuma variável é declarada
e:\documentos\estudo\uerj_computacao\materias\per atual\computacaografica\vs\trabfinescrpiaoversfin\cabecalhos\principal.h(64): warning C4305: 'inicializando': truncamento de 'double' para 'GLfloat'
e:\documentos\estudo\uerj_computacao\materias\per atual\computacaografica\vs\trabfinescrpiaoversfin\cabecalhos\principal.h(67): warning C4305: 'inicializando': truncamento de 'double' para 'GLfloat'
e:\documentos\estudo\uerj_computacao\materias\per atual\computacaografica\vs\trabfinescrpiaoversfin\cabecalhos\principal.h(68): warning C4305: 'inicializando': truncamento de 'double' para 'GLfloat'
e:\documentos\estudo\uerj_computacao\materias\per atual\computacaografica\vs\trabfinescrpiaoversfin\cabecalhos\principal.h(69): warning C4305: 'inicializando': truncamento de 'double' para 'GLfloat'
e:\documentos\estudo\uerj_computacao\materias\per atual\computacaografica\vs\trabfinescrpiaoversfin\cabecalhos\principal.h(72): warning C4305: 'inicializando': truncamento de 'double' para 'GLfloat'
e:\documentos\estudo\uerj_computacao\materias\per atual\computacaografica\vs\trabfinescrpiaoversfin\cabecalhos\principal.h(73): warning C4305: 'inicializando': truncamento de 'double' para 'GLfloat'
e:\documentos\estudo\uerj_computacao\materias\per atual\computacaografica\vs\trabfinescrpiaoversfin\fontes\principal.cpp(159): warning C4244: 'argumento': conversão de 'float' para 'int', possível perda de dados
e:\documentos\estudo\uerj_computacao\materias\per atual\computacaografica\vs\trabfinescrpiaoversfin\fontes\principal.cpp(162): warning C4305: '+=': truncamento de 'double' para 'float'
e:\documentos\estudo\uerj_computacao\materias\per atual\computacaografica\vs\trabfinescrpiaoversfin\fontes\principal.cpp(166): warning C4305: '-=': truncamento de 'double' para 'float'
e:\documentos\estudo\uerj_computacao\materias\per atual\computacaografica\vs\trabfinescrpiaoversfin\fontes\principal.cpp(170): warning C4305: '+=': truncamento de 'double' para 'float'
e:\documentos\estudo\uerj_computacao\materias\per atual\computacaografica\vs\trabfinescrpiaoversfin\fontes\principal.cpp(174): warning C4305: '-=': truncamento de 'double' para 'float'
e:\documentos\estudo\uerj_computacao\materias\per atual\computacaografica\vs\trabfinescrpiaoversfin\fontes\principal.cpp(178): warning C4305: '+=': truncamento de 'double' para 'float'
e:\documentos\estudo\uerj_computacao\materias\per atual\computacaografica\vs\trabfinescrpiaoversfin\fontes\principal.cpp(182): warning C4305: '-=': truncamento de 'double' para 'float'
e:\documentos\estudo\uerj_computacao\materias\per atual\computacaografica\vs\trabfinescrpiaoversfin\fontes\principal.cpp(186): warning C4305: '+=': truncamento de 'double' para 'GLfloat'
e:\documentos\estudo\uerj_computacao\materias\per atual\computacaografica\vs\trabfinescrpiaoversfin\fontes\principal.cpp(190): warning C4305: '-=': truncamento de 'double' para 'GLfloat'
e:\documentos\estudo\uerj_computacao\materias\per atual\computacaografica\vs\trabfinescrpiaoversfin\fontes\principal.cpp(202): warning C4305: '-=': truncamento de 'double' para 'GLfloat'
e:\documentos\estudo\uerj_computacao\materias\per atual\computacaografica\vs\trabfinescrpiaoversfin\fontes\principal.cpp(206): warning C4305: '+=': truncamento de 'double' para 'GLfloat'
e:\documentos\estudo\uerj_computacao\materias\per atual\computacaografica\vs\trabfinescrpiaoversfin\fontes\principal.cpp(210): warning C4305: '-=': truncamento de 'double' para 'GLfloat'
e:\documentos\estudo\uerj_computacao\materias\per atual\computacaografica\vs\trabfinescrpiaoversfin\fontes\principal.cpp(214): warning C4305: '+=': truncamento de 'double' para 'GLfloat'
e:\documentos\estudo\uerj_computacao\materias\per atual\computacaografica\vs\trabfinescrpiaoversfin\fontes\principal.cpp(317): warning C4305: '-=': truncamento de 'double' para 'GLfloat'
e:\documentos\estudo\uerj_computacao\materias\per atual\computacaografica\vs\trabfinescrpiaoversfin\fontes\principal.cpp(321): warning C4305: '+=': truncamento de 'double' para 'GLfloat'
e:\documentos\estudo\uerj_computacao\materias\per atual\computacaografica\vs\trabfinescrpiaoversfin\fontes\principal.cpp(496): warning C4305: '+=': truncamento de 'double' para 'float'
e:\documentos\estudo\uerj_computacao\materias\per atual\computacaografica\vs\trabfinescrpiaoversfin\fontes\principal.cpp(500): warning C4305: '-=': truncamento de 'double' para 'float'
e:\documentos\estudo\uerj_computacao\materias\per atual\computacaografica\vs\trabfinescrpiaoversfin\fontes\principal.cpp(639): warning C4244: '=': conversão de 'int' para 'float', possível perda de dados
e:\documentos\estudo\uerj_computacao\materias\per atual\computacaografica\vs\trabfinescrpiaoversfin\fontes\principal.cpp(640): warning C4244: '=': conversão de 'int' para 'float', possível perda de dados
e:\documentos\estudo\uerj_computacao\materias\per atual\computacaografica\vs\trabfinescrpiaoversfin\fontes\principal.cpp(710): warning C4244: 'argumento': conversão de 'double' para 'GLint', possível perda de dados
e:\documentos\estudo\uerj_computacao\materias\per atual\computacaografica\vs\trabfinescrpiaoversfin\fontes\principal.cpp(713): warning C4244: 'argumento': conversão de 'double' para 'GLint', possível perda de dados
e:\documentos\estudo\uerj_computacao\materias\per atual\computacaografica\vs\trabfinescrpiaoversfin\fontes\principal.cpp(724): warning C4244: 'argumento': conversão de 'double' para 'GLint', possível perda de dados
e:\documentos\estudo\uerj_computacao\materias\per atual\computacaografica\vs\trabfinescrpiaoversfin\fontes\principal.cpp(728): warning C4244: 'argumento': conversão de 'double' para 'GLint', possível perda de dados
e:\documentos\estudo\uerj_computacao\materias\per atual\computacaografica\vs\trabfinescrpiaoversfin\fontes\principal.cpp(738): warning C4305: 'argumento': truncamento de 'double' para 'GLfloat'
e:\documentos\estudo\uerj_computacao\materias\per atual\computacaografica\vs\trabfinescrpiaoversfin\fontes\principal.cpp(760): warning C4305: 'argumento': truncamento de 'double' para 'GLfloat'
e:\documentos\estudo\uerj_computacao\materias\per atual\computacaografica\vs\trabfinescrpiaoversfin\fontes\principal.cpp(791): warning C4305: 'argumento': truncamento de 'double' para 'float'
e:\documentos\estudo\uerj_computacao\materias\per atual\computacaografica\vs\trabfinescrpiaoversfin\fontes\principal.cpp(816): warning C4305: 'argumento': truncamento de 'double' para 'GLfloat'
e:\documentos\estudo\uerj_computacao\materias\per atual\computacaografica\vs\trabfinescrpiaoversfin\fontes\principal.cpp(818): warning C4305: 'argumento': truncamento de 'double' para 'float'
e:\documentos\estudo\uerj_computacao\materias\per atual\computacaografica\vs\trabfinescrpiaoversfin\fontes\principal.cpp(823): warning C4305: 'argumento': truncamento de 'double' para 'float'
e:\documentos\estudo\uerj_computacao\materias\per atual\computacaografica\vs\trabfinescrpiaoversfin\fontes\principal.cpp(830): warning C4305: 'argumento': truncamento de 'double' para 'float'
e:\documentos\estudo\uerj_computacao\materias\per atual\computacaografica\vs\trabfinescrpiaoversfin\fontes\principal.cpp(862): warning C4244: 'argumento': conversão de 'double' para 'GLfloat', possível perda de dados
e:\documentos\estudo\uerj_computacao\materias\per atual\computacaografica\vs\trabfinescrpiaoversfin\fontes\principal.cpp(888): warning C4244: 'argumento': conversão de 'double' para 'GLfloat', possível perda de dados
e:\documentos\estudo\uerj_computacao\materias\per atual\computacaografica\vs\trabfinescrpiaoversfin\fontes\principal.cpp(905): warning C4244: 'argumento': conversão de 'double' para 'GLfloat', possível perda de dados
e:\documentos\estudo\uerj_computacao\materias\per atual\computacaografica\vs\trabfinescrpiaoversfin\fontes\principal.cpp(907): warning C4244: 'argumento': conversão de 'double' para 'GLfloat', possível perda de dados
e:\documentos\estudo\uerj_computacao\materias\per atual\computacaografica\vs\trabfinescrpiaoversfin\fontes\principal.cpp(910): warning C4244: 'argumento': conversão de 'double' para 'GLfloat', possível perda de dados
e:\documentos\estudo\uerj_computacao\materias\per atual\computacaografica\vs\trabfinescrpiaoversfin\fontes\principal.cpp(913): warning C4244: 'argumento': conversão de 'double' para 'GLfloat', possível perda de dados
e:\documentos\estudo\uerj_computacao\materias\per atual\computacaografica\vs\trabfinescrpiaoversfin\fontes\principal.cpp(914): warning C4244: 'argumento': conversão de 'double' para 'GLfloat', possível perda de dados
e:\documentos\estudo\uerj_computacao\materias\per atual\computacaografica\vs\trabfinescrpiaoversfin\fontes\principal.cpp(916): warning C4244: 'argumento': conversão de 'double' para 'float', possível perda de dados
e:\documentos\estudo\uerj_computacao\materias\per atual\computacaografica\vs\trabfinescrpiaoversfin\fontes\principal.cpp(917): warning C4244: 'argumento': conversão de 'double' para 'GLfloat', possível perda de dados
e:\documentos\estudo\uerj_computacao\materias\per atual\computacaografica\vs\trabfinescrpiaoversfin\fontes\principal.cpp(920): warning C4244: 'argumento': conversão de 'double' para 'GLfloat', possível perda de dados
e:\documentos\estudo\uerj_computacao\materias\per atual\computacaografica\vs\trabfinescrpiaoversfin\fontes\principal.cpp(921): warning C4244: 'argumento': conversão de 'double' para 'GLfloat', possível perda de dados
e:\documentos\estudo\uerj_computacao\materias\per atual\computacaografica\vs\trabfinescrpiaoversfin\fontes\principal.cpp(922): warning C4244: 'argumento': conversão de 'double' para 'float', possível perda de dados
e:\documentos\estudo\uerj_computacao\materias\per atual\computacaografica\vs\trabfinescrpiaoversfin\fontes\principal.cpp(935): warning C4305: 'argumento': truncamento de 'double' para 'GLfloat'
e:\documentos\estudo\uerj_computacao\materias\per atual\computacaografica\vs\trabfinescrpiaoversfin\fontes\principal.cpp(937): warning C4305: 'argumento': truncamento de 'double' para 'float'
e:\documentos\estudo\uerj_computacao\materias\per atual\computacaografica\vs\trabfinescrpiaoversfin\fontes\principal.cpp(976): warning C4305: 'argumento': truncamento de 'double' para 'GLfloat'
e:\documentos\estudo\uerj_computacao\materias\per atual\computacaografica\vs\trabfinescrpiaoversfin\fontes\principal.cpp(977): warning C4305: 'argumento': truncamento de 'double' para 'float'
e:\documentos\estudo\uerj_computacao\materias\per atual\computacaografica\vs\trabfinescrpiaoversfin\fontes\principal.cpp(978): warning C4305: 'argumento': truncamento de 'double' para 'GLfloat'
e:\documentos\estudo\uerj_computacao\materias\per atual\computacaografica\vs\trabfinescrpiaoversfin\fontes\principal.cpp(979): warning C4305: 'argumento': truncamento de 'double' para 'float'
e:\documentos\estudo\uerj_computacao\materias\per atual\computacaografica\vs\trabfinescrpiaoversfin\fontes\principal.cpp(986): warning C4305: 'argumento': truncamento de 'double' para 'float'
e:\documentos\estudo\uerj_computacao\materias\per atual\computacaografica\vs\trabfinescrpiaoversfin\fontes\principal.cpp(987): warning C4305: 'argumento': truncamento de 'double' para 'GLfloat'
e:\documentos\estudo\uerj_computacao\materias\per atual\computacaografica\vs\trabfinescrpiaoversfin\fontes\principal.cpp(993): warning C4305: 'argumento': truncamento de 'double' para 'GLfloat'
e:\documentos\estudo\uerj_computacao\materias\per atual\computacaografica\vs\trabfinescrpiaoversfin\fontes\principal.cpp(994): warning C4305: 'argumento': truncamento de 'double' para 'float'
e:\documentos\estudo\uerj_computacao\materias\per atual\computacaografica\vs\trabfinescrpiaoversfin\fontes\principal.cpp(996): warning C4305: 'argumento': truncamento de 'double' para 'GLfloat'
e:\documentos\estudo\uerj_computacao\materias\per atual\computacaografica\vs\trabfinescrpiaoversfin\fontes\principal.cpp(997): warning C4244: 'argumento': conversão de 'double' para 'GLfloat', possível perda de dados
e:\documentos\estudo\uerj_computacao\materias\per atual\computacaografica\vs\trabfinescrpiaoversfin\fontes\principal.cpp(998): warning C4305: 'argumento': truncamento de 'double' para 'GLfloat'
e:\documentos\estudo\uerj_computacao\materias\per atual\computacaografica\vs\trabfinescrpiaoversfin\fontes\principal.cpp(999): warning C4305: 'argumento': truncamento de 'double' para 'float'
e:\documentos\estudo\uerj_computacao\materias\per atual\computacaografica\vs\trabfinescrpiaoversfin\fontes\principal.cpp(1001): warning C4305: 'argumento': truncamento de 'double' para 'GLfloat'
e:\documentos\estudo\uerj_computacao\materias\per atual\computacaografica\vs\trabfinescrpiaoversfin\fontes\principal.cpp(1002): warning C4244: 'argumento': conversão de 'double' para 'GLfloat', possível perda de dados
e:\documentos\estudo\uerj_computacao\materias\per atual\computacaografica\vs\trabfinescrpiaoversfin\fontes\principal.cpp(1003): warning C4305: 'argumento': truncamento de 'double' para 'GLfloat'
e:\documentos\estudo\uerj_computacao\materias\per atual\computacaografica\vs\trabfinescrpiaoversfin\fontes\principal.cpp(1004): warning C4305: 'argumento': truncamento de 'double' para 'float'
e:\documentos\estudo\uerj_computacao\materias\per atual\computacaografica\vs\trabfinescrpiaoversfin\fontes\principal.cpp(1006): warning C4305: 'argumento': truncamento de 'double' para 'GLfloat'
e:\documentos\estudo\uerj_computacao\materias\per atual\computacaografica\vs\trabfinescrpiaoversfin\fontes\principal.cpp(1007): warning C4244: 'argumento': conversão de 'double' para 'GLfloat', possível perda de dados
e:\documentos\estudo\uerj_computacao\materias\per atual\computacaografica\vs\trabfinescrpiaoversfin\fontes\principal.cpp(1008): warning C4305: 'argumento': truncamento de 'double' para 'GLfloat'
e:\documentos\estudo\uerj_computacao\materias\per atual\computacaografica\vs\trabfinescrpiaoversfin\fontes\principal.cpp(1009): warning C4305: 'argumento': truncamento de 'double' para 'float'
e:\documentos\estudo\uerj_computacao\materias\per atual\computacaografica\vs\trabfinescrpiaoversfin\fontes\principal.cpp(1011): warning C4305: 'argumento': truncamento de 'double' para 'GLfloat'
e:\documentos\estudo\uerj_computacao\materias\per atual\computacaografica\vs\trabfinescrpiaoversfin\fontes\principal.cpp(1012): warning C4244: 'argumento': conversão de 'double' para 'GLfloat', possível perda de dados
e:\documentos\estudo\uerj_computacao\materias\per atual\computacaografica\vs\trabfinescrpiaoversfin\fontes\principal.cpp(1013): warning C4305: 'argumento': truncamento de 'double' para 'GLfloat'
e:\documentos\estudo\uerj_computacao\materias\per atual\computacaografica\vs\trabfinescrpiaoversfin\fontes\principal.cpp(1014): warning C4305: 'argumento': truncamento de 'double' para 'float'
e:\documentos\estudo\uerj_computacao\materias\per atual\computacaografica\vs\trabfinescrpiaoversfin\fontes\principal.cpp(1016): warning C4305: 'argumento': truncamento de 'double' para 'GLfloat'
e:\documentos\estudo\uerj_computacao\materias\per atual\computacaografica\vs\trabfinescrpiaoversfin\fontes\principal.cpp(1018): warning C4305: 'argumento': truncamento de 'double' para 'GLfloat'
e:\documentos\estudo\uerj_computacao\materias\per atual\computacaografica\vs\trabfinescrpiaoversfin\fontes\principal.cpp(1019): warning C4305: 'argumento': truncamento de 'double' para 'float'
e:\documentos\estudo\uerj_computacao\materias\per atual\computacaografica\vs\trabfinescrpiaoversfin\fontes\principal.cpp(1024): warning C4305: 'argumento': truncamento de 'double' para 'GLfloat'
e:\documentos\estudo\uerj_computacao\materias\per atual\computacaografica\vs\trabfinescrpiaoversfin\fontes\principal.cpp(1044): warning C4244: 'argumento': conversão de 'double' para 'int', possível perda de dados
e:\documentos\estudo\uerj_computacao\materias\per atual\computacaografica\vs\trabfinescrpiaoversfin\fontes\principal.cpp(1050): warning C4244: 'argumento': conversão de 'double' para 'int', possível perda de dados
e:\documentos\estudo\uerj_computacao\materias\per atual\computacaografica\vs\trabfinescrpiaoversfin\fontes\principal.cpp(1056): warning C4244: 'argumento': conversão de 'double' para 'int', possível perda de dados
e:\documentos\estudo\uerj_computacao\materias\per atual\computacaografica\vs\trabfinescrpiaoversfin\fontes\principal.cpp(1239): warning C4305: '=': truncamento de 'double' para 'GLfloat'
e:\documentos\estudo\uerj_computacao\materias\per atual\computacaografica\vs\trabfinescrpiaoversfin\fontes\principal.cpp(1240): warning C4305: '=': truncamento de 'double' para 'GLfloat'
e:\documentos\estudo\uerj_computacao\materias\per atual\computacaografica\vs\trabfinescrpiaoversfin\fontes\principal.cpp(1255): warning C4305: '=': truncamento de 'double' para 'GLfloat'
e:\documentos\estudo\uerj_computacao\materias\per atual\computacaografica\vs\trabfinescrpiaoversfin\fontes\principal.cpp(1256): warning C4305: '=': truncamento de 'double' para 'GLfloat'
e:\documentos\estudo\uerj_computacao\materias\per atual\computacaografica\vs\trabfinescrpiaoversfin\fontes\principal.cpp(1324): warning C4305: 'inicializando': truncamento de 'double' para 'float'
e:\documentos\estudo\uerj_computacao\materias\per atual\computacaografica\vs\trabfinescrpiaoversfin\fontes\principal.cpp(1329): warning C4244: 'argumento': conversão de 'GLfloat' para 'GLint', possível perda de dados
e:\documentos\estudo\uerj_computacao\materias\per atual\computacaografica\vs\trabfinescrpiaoversfin\fontes\principal.cpp(1342): warning C4244: 'inicializando': conversão de 'double' para 'float', possível perda de dados
e:\documentos\estudo\uerj_computacao\materias\per atual\computacaografica\vs\trabfinescrpiaoversfin\fontes\principal.cpp(1347): warning C4305: 'argumento': truncamento de 'double' para 'GLfloat'
e:\documentos\estudo\uerj_computacao\materias\per atual\computacaografica\vs\trabfinescrpiaoversfin\fontes\principal.cpp(1394): warning C4244: 'argumento': conversão de 'GLfloat' para 'GLint', possível perda de dados
e:\documentos\estudo\uerj_computacao\materias\per atual\computacaografica\vs\trabfinescrpiaoversfin\fontes\principal.cpp(1398): warning C4244: 'argumento': conversão de 'GLfloat' para 'GLint', possível perda de dados
e:\documentos\estudo\uerj_computacao\materias\per atual\computacaografica\vs\trabfinescrpiaoversfin\fontes\principal.cpp(1404): warning C4244: 'argumento': conversão de 'GLfloat' para 'GLint', possível perda de dados
e:\documentos\estudo\uerj_computacao\materias\per atual\computacaografica\vs\trabfinescrpiaoversfin\fontes\principal.cpp(1525): warning C4305: 'argumento': truncamento de 'double' para 'GLfloat'
e:\documentos\estudo\uerj_computacao\materias\per atual\computacaografica\vs\trabfinescrpiaoversfin\fontes\principal.cpp(1547): warning C4305: 'argumento': truncamento de 'double' para 'GLfloat'
e:\documentos\estudo\uerj_computacao\materias\per atual\computacaografica\vs\trabfinescrpiaoversfin\fontes\principal.cpp(1551): warning C4305: 'argumento': truncamento de 'double' para 'GLfloat'
e:\documentos\estudo\uerj_computacao\materias\per atual\computacaografica\vs\trabfinescrpiaoversfin\fontes\principal.cpp(1578): warning C4305: 'argumento': truncamento de 'double' para 'float'
e:\documentos\estudo\uerj_computacao\materias\per atual\computacaografica\vs\trabfinescrpiaoversfin\fontes\principal.cpp(1590): warning C4305: '+=': truncamento de 'double' para 'GLfloat'
e:\documentos\estudo\uerj_computacao\materias\per atual\computacaografica\vs\trabfinescrpiaoversfin\fontes\principal.cpp(1591): warning C4305: '+=': truncamento de 'double' para 'GLfloat'
e:\documentos\estudo\uerj_computacao\materias\per atual\computacaografica\vs\trabfinescrpiaoversfin\fontes\principal.cpp(1598): warning C4305: '-=': truncamento de 'double' para 'GLfloat'
e:\documentos\estudo\uerj_computacao\materias\per atual\computacaografica\vs\trabfinescrpiaoversfin\fontes\principal.cpp(1599): warning C4305: '-=': truncamento de 'double' para 'GLfloat'
e:\documentos\estudo\uerj_computacao\materias\per atual\computacaografica\vs\trabfinescrpiaoversfin\fontes\principal.cpp(1609): warning C4305: '+=': truncamento de 'double' para 'GLfloat'
e:\documentos\estudo\uerj_computacao\materias\per atual\computacaografica\vs\trabfinescrpiaoversfin\fontes\principal.cpp(1631): warning C4305: '-=': truncamento de 'double' para 'GLfloat'
e:\documentos\estudo\uerj_computacao\materias\per atual\computacaografica\vs\trabfinescrpiaoversfin\fontes\principal.cpp(1675): warning C4305: '+=': truncamento de 'double' para 'GLfloat'
e:\documentos\estudo\uerj_computacao\materias\per atual\computacaografica\vs\trabfinescrpiaoversfin\fontes\principal.cpp(1683): warning C4305: '-=': truncamento de 'double' para 'GLfloat'
e:\documentos\estudo\uerj_computacao\materias\per atual\computacaografica\vs\trabfinescrpiaoversfin\fontes\principal.cpp(1720): warning C4244: 'argumento': conversão de 'float' para 'int', possível perda de dados
Principal.obj : warning LNK4075: ignorando '/EDITANDCONTINUE' devido a especificação '/OPT:ICF'
  LINK : /LTCG especificado mas sem geração de código; remova /LTCG do link da linha de comando para melhorar performance do vinculador
  TrabFinEscorpiaoV1.vcxproj -> E:\Documentos\Estudo\UERJ_Computacao\Materias\Per Atual\ComputacaoGrafica\VS\TrabFinEscrpiaoVersFin\x64\Release\TrabFinEscrpiaoVersFin.exe
